<?xml version="1.0" encoding="UTF-8"?>
<testsuite name="Alerts" tests="1" skipped="0" failures="0" errors="0" timestamp="2023-11-16T23:00:57" hostname="JOHAN-PC" time="16.405">
  <properties/>
  <testcase name="Alerts" classname="Alerts" time="16.405"/>
  <system-out><![CDATA[]]></system-out>
  <system-err><![CDATA[[Test worker] INFO io.cucumber.core.plugin.SerenityReporter - Running feature from file:///C:/Users/jarv-/OneDrive/Documentos/capacitacion/src/test/resources/features/alert.feature
[Test worker] INFO  - 
 _____ _____ ____ _____   ____ _____  _    ____ _____ _____ ____  
|_   _| ____/ ___|_   _| / ___|_   _|/ \  |  _ \_   _| ____|  _ \ 
  | | |  _| \___ \ | |   \___ \ | | / _ \ | |_) || | |  _| | | | |
  | | | |___ ___) || |    ___) || |/ ___ \|  _ < | | | |___| |_| |
  |_| |_____|____/ |_|   |____/ |_/_/   \_\_| \_\|_| |_____|____/ 

Alerts(alerts;alerts)
-------------------------------------------------------------------
[Test worker] INFO net.serenitybdd.core.webdriver.driverproviders.ChromeDriverProvider - Using automatically driver download
[Test worker] ERROR io.github.bonigarcia.wdm.online.HttpClient - Error HTTP 404 executing https://chromedriver.storage.googleapis.com/LATEST_RELEASE_119
[Test worker] WARN io.github.bonigarcia.wdm.versions.VersionDetector - Exception reading https://chromedriver.storage.googleapis.com/LATEST_RELEASE_119 to get latest version of chromedriver (Error HTTP 404 executing https://chromedriver.storage.googleapis.com/LATEST_RELEASE_119)
[Test worker] INFO io.github.bonigarcia.wdm.WebDriverManager - Exporting webdriver.chrome.driver as C:\Users\jarv-\.cache\selenium\chromedriver\win32\114.0.5735.90\chromedriver.exe
[Test worker] INFO net.serenitybdd.core.webdriver.driverproviders.ProvideNewDriver - Instantiating driver
[Test worker] INFO net.serenitybdd.core.webdriver.driverproviders.ProvideNewDriver - Driver capabilities: Capabilities {acceptInsecureCerts: false, browserName: chrome, chrome.switches: --lang=es,--disable-popup-b..., goog:chromeOptions: {args: [--lang=es, --disable-popup-blocking, --disable-download-notifica..., --start-maximized, --test-type, --ignore-certificate-errors, --allow-running-insecure-co..., --disable-translate, --always-authorize-plugins, --disable-extensions, --disable-infobars], extensions: []}, loggingPrefs: org.openqa.selenium.logging...}
Starting ChromeDriver 119.0.6045.105 (38c72552c5e15ba9b3117c0967a0fd105072d7c6-refs/branch-heads/6045@{#1103}) on port 7059
Only local connections are allowed.
Please see https://chromedriver.chromium.org/security-considerations for suggestions on keeping ChromeDriver safe.
ChromeDriver was started successfully.
nov 16, 2023 6:01:00 PM org.openqa.selenium.remote.ProtocolHandshake createSession
INFORMACIÓN: Detected dialect: W3C
[Test worker] INFO  - 
        __    _____ _____ ____ _____   ____   _    ____  ____  _____ ____  
  _     \ \  |_   _| ____/ ___|_   _| |  _ \ / \  / ___|/ ___|| ____|  _ \ 
 (_)_____| |   | | |  _| \___ \ | |   | |_) / _ \ \___ \\___ \|  _| | | | |
  _|_____| |   | | | |___ ___) || |   |  __/ ___ \ ___) |___) | |___| |_| |
 (_)     | |   |_| |_____|____/ |_|   |_| /_/   \_\____/|____/|_____|____/ 
        /_/                                                                

Alerts
----------------------------------------------------------------------------
]]></system-err>
</testsuite>
